{"level":"info","message":"LOGIN STARTED","timestamp":"2025-11-16T17:50:22.870Z"}
{"level":"info","message":"Login data received","phone":"01973832210","timestamp":"2025-11-16T17:50:22.871Z"}
{"level":"info","message":"Checking user in database...","timestamp":"2025-11-16T17:50:22.872Z"}
{"level":"info","message":"User found","timestamp":"2025-11-16T17:50:23.038Z","userId":11}
{"level":"info","message":"Password matched, creating session","timestamp":"2025-11-16T17:50:23.096Z","userId":11}
{"level":"info","message":"LOGIN SUCCESS","timestamp":"2025-11-16T17:50:23.097Z","userId":11}
{"level":"info","message":"LOGIN STARTED","timestamp":"2025-11-16T17:50:32.605Z"}
{"level":"info","message":"Login data received","phone":"demo5@demo.com","timestamp":"2025-11-16T17:50:32.606Z"}
{"level":"info","message":"Checking user in database...","timestamp":"2025-11-16T17:50:32.607Z"}
{"level":"warn","message":"User not found","phone":"demo5@demo.com","timestamp":"2025-11-16T17:50:32.611Z"}
{"level":"info","message":"LOGIN STARTED","timestamp":"2025-11-16T17:50:40.489Z"}
{"level":"info","message":"Login data received","phone":"demo5@demo.com","timestamp":"2025-11-16T17:50:40.491Z"}
{"level":"info","message":"Checking user in database...","timestamp":"2025-11-16T17:50:40.492Z"}
{"level":"warn","message":"User not found","phone":"demo5@demo.com","timestamp":"2025-11-16T17:50:40.494Z"}
{"level":"info","message":"LOGIN STARTED","timestamp":"2025-11-16T17:50:41.442Z"}
{"level":"info","message":"Login data received","phone":"01973832297","timestamp":"2025-11-16T17:50:41.443Z"}
{"level":"info","message":"Checking user in database...","timestamp":"2025-11-16T17:50:41.444Z"}
{"level":"warn","message":"User not found","phone":"01973832297","timestamp":"2025-11-16T17:50:41.447Z"}
{"level":"info","message":"LOGIN STARTED","timestamp":"2025-11-16T17:50:44.280Z"}
{"level":"info","message":"Login data received","phone":"01973832210","timestamp":"2025-11-16T17:50:44.281Z"}
{"level":"info","message":"Checking user in database...","timestamp":"2025-11-16T17:50:44.281Z"}
{"level":"info","message":"User found","timestamp":"2025-11-16T17:50:44.283Z","userId":11}
{"level":"info","message":"Password matched, creating session","timestamp":"2025-11-16T17:50:44.340Z","userId":11}
{"level":"info","message":"LOGIN SUCCESS","timestamp":"2025-11-16T17:50:44.341Z","userId":11}
{"level":"info","message":"LOGIN STARTED","timestamp":"2025-11-16T17:54:18.382Z"}
{"level":"info","message":"Login data received","phone":"01973832293","timestamp":"2025-11-16T17:54:18.384Z"}
{"level":"info","message":"Checking user in database...","timestamp":"2025-11-16T17:54:18.384Z"}
{"level":"info","message":"User found","timestamp":"2025-11-16T17:54:18.385Z","userId":10}
{"level":"info","message":"Password matched, creating session","timestamp":"2025-11-16T17:54:18.444Z","userId":10}
{"level":"info","message":"LOGIN SUCCESS","timestamp":"2025-11-16T17:54:18.445Z","userId":10}
